<?xml version="1.0" encoding="UTF-8"?>
<!-- Generated by org.testng.reporters.JUnitReportReporter -->
<testsuite skipped="0" hostname="LT-S-JASPREET2" name="Test.MobileTesting" tests="1" failures="0" timestamp="2020-11-20T09:43:09 IST" time="93.683" errors="0">
  <testcase name="Login" time="93.683" classname="Test.MobileTesting"/>
</testsuite> <!-- Test.MobileTesting -->
